<?xml version="1.0" encoding="UTF-8"?>
<!-- Generated by org.testng.reporters.JUnitReportReporter -->
<testsuite hostname="User-PC" failures="0" tests="1" name="com.demo.HelloTwoTest" time="0.020" errors="0" timestamp="2023-04-13T10:37:21 IST" skipped="0">
  <testcase classname="com.demo.HelloTwoTest" name="DemoOne" time="0.020"/>
  <system-out/>
</testsuite> <!-- com.demo.HelloTwoTest -->
