<?xml version="1.0" encoding="UTF-8"?>
<!-- Generated by org.testng.reporters.JUnitReportReporter -->
<testsuite hostname="User-PC" failures="0" tests="1" name="com.demo.ContactTest" time="0.017" errors="0" timestamp="2023-04-15T15:19:17 IST" skipped="0">
  <testcase classname="com.demo.ContactTest" name="Sample" time="0.017"/>
  <system-out/>
</testsuite> <!-- com.demo.ContactTest -->
