<?xml version="1.0" encoding="UTF-8"?>
<!-- Generated by org.testng.reporters.JUnitReportReporter -->
<testsuite hostname="User-PC" failures="0" tests="1" name="com.demo.HelloTest" time="0.020" errors="0" timestamp="2023-04-12T11:32:55 IST" skipped="0">
  <testcase classname="com.demo.HelloTest" name="demo" time="0.020"/>
  <system-out/>
</testsuite> <!-- com.demo.HelloTest -->
